<?xml version="1.0" encoding="UTF-8"?>
<testng-results ignored="0" total="1" passed="1" failed="0" skipped="0">
  <reporter-output>
  </reporter-output>
  <suite started-at="2023-09-19T09:40:10 IST" name="Default suite" finished-at="2023-09-19T09:41:10 IST" duration-ms="59995">
    <groups>
    </groups>
    <test started-at="2023-09-19T09:40:10 IST" name="Default test" finished-at="2023-09-19T09:41:10 IST" duration-ms="59995">
      <class name="com.amdocs.myntra.testcases.AddCartTest">
        <test-method is-config="true" signature="loadConfig()[pri:0, instance:com.amdocs.myntra.testcases.AddCartTest@7b36aa0c]" started-at="2023-09-19T09:40:10 IST" name="loadConfig" finished-at="2023-09-19T09:40:10 IST" duration-ms="17" status="PASS">
          <reporter-output>
          </reporter-output>
        </test-method> <!-- loadConfig -->
        <test-method is-config="true" signature="launchApp()[pri:0, instance:com.amdocs.myntra.testcases.AddCartTest@7b36aa0c]" started-at="2023-09-19T09:40:10 IST" name="launchApp" finished-at="2023-09-19T09:40:17 IST" duration-ms="7829" status="PASS">
          <reporter-output>
          </reporter-output>
        </test-method> <!-- launchApp -->
        <test-method signature="AddCart()[pri:0, instance:com.amdocs.myntra.testcases.AddCartTest@7b36aa0c]" started-at="2023-09-19T09:40:17 IST" name="AddCart" finished-at="2023-09-19T09:41:10 IST" duration-ms="52118" status="PASS">
          <reporter-output>
          </reporter-output>
        </test-method> <!-- AddCart -->
      </class> <!-- com.amdocs.myntra.testcases.AddCartTest -->
    </test> <!-- Default test -->
  </suite> <!-- Default suite -->
</testng-results>
